<?xml version="1.0" encoding="UTF-8"?>
<!-- Generated by org.testng.reporters.JUnitXMLReporter -->
<testsuite ignored="2" hostname="LAPTOP-J5E37TJF" failures="0" tests="2" name="Test" time="10.053" errors="0" timestamp="2021-12-25T08:52:32 IST">
  <testcase classname="testcases.LoginTest" name="verifyLoginWithCorrectCred" time="4.117"/>
  <testcase classname="testcases.LogoutTest" name="verifyLogout" time="5.88"/>
  <testcase classname="testcases.BaseTest" name="@AfterSuite tearDownEnv" time="0.0">
    <ignored/>
  </testcase> <!-- @AfterSuite tearDownEnv -->
  <testcase classname="testcases.BaseTest" name="@BeforeSuite initializeWebEnv" time="0.0">
    <ignored/>
  </testcase> <!-- @BeforeSuite initializeWebEnv -->
</testsuite> <!-- Test -->
