<?xml version="1.0" encoding="UTF-8"?>
<testng-results ignored="2" total="4" passed="2" failed="0" skipped="0">
  <reporter-output>
  </reporter-output>
  <suite started-at="2021-12-25T08:52:22 IST" name="Suite" finished-at="2021-12-25T08:52:32 IST" duration-ms="10053">
    <groups>
    </groups>
    <test started-at="2021-12-25T08:52:22 IST" name="Test" finished-at="2021-12-25T08:52:32 IST" duration-ms="10053">
      <class name="testcases.LogoutTest">
        <test-method is-config="true" signature="allPgeObj()[pri:0, instance:testcases.LogoutTest@6b695b06]" started-at="2021-12-25T08:52:26 IST" name="allPgeObj" finished-at="2021-12-25T08:52:26 IST" duration-ms="0" status="PASS">
          <reporter-output>
          </reporter-output>
        </test-method> <!-- allPgeObj -->
        <test-method signature="verifyLogout()[pri:0, instance:testcases.LogoutTest@6b695b06]" started-at="2021-12-25T08:52:26 IST" name="verifyLogout" finished-at="2021-12-25T08:52:32 IST" duration-ms="5880" status="PASS">
          <reporter-output>
          </reporter-output>
        </test-method> <!-- verifyLogout -->
      </class> <!-- testcases.LogoutTest -->
      <class name="testcases.LoginTest">
        <test-method is-config="true" signature="initializeWebEnv()[pri:0, instance:testcases.LoginTest@4f32a3ad]" started-at="2021-12-25T08:52:17 IST" name="initializeWebEnv" finished-at="2021-12-25T08:52:22 IST" duration-ms="4709" status="PASS">
          <reporter-output>
          </reporter-output>
        </test-method> <!-- initializeWebEnv -->
        <test-method is-config="true" signature="allPgeObj()[pri:0, instance:testcases.LoginTest@4f32a3ad]" started-at="2021-12-25T08:52:22 IST" name="allPgeObj" finished-at="2021-12-25T08:52:22 IST" duration-ms="22" status="PASS">
          <reporter-output>
          </reporter-output>
        </test-method> <!-- allPgeObj -->
        <test-method signature="verifyLoginWithCorrectCred()[pri:0, instance:testcases.LoginTest@4f32a3ad]" started-at="2021-12-25T08:52:22 IST" name="verifyLoginWithCorrectCred" finished-at="2021-12-25T08:52:26 IST" duration-ms="4117" status="PASS">
          <reporter-output>
          </reporter-output>
        </test-method> <!-- verifyLoginWithCorrectCred -->
        <test-method is-config="true" signature="tearDownEnv()[pri:0, instance:testcases.LoginTest@4f32a3ad]" started-at="2021-12-25T08:52:32 IST" name="tearDownEnv" finished-at="2021-12-25T08:52:33 IST" duration-ms="706" status="PASS">
          <reporter-output>
          </reporter-output>
        </test-method> <!-- tearDownEnv -->
      </class> <!-- testcases.LoginTest -->
    </test> <!-- Test -->
  </suite> <!-- Suite -->
</testng-results>
